#
# A fatal error has been detected by the Java Runtime Environment:
#
#  SIGSEGV (0xb) at pc=0x0000000000000000, pid=3306, tid=13594
#
# JRE version: OpenJDK Runtime Environment (11.0.13+8) (build 11.0.13+8)
# Java VM: OpenJDK 64-Bit Server VM (11.0.13+8, mixed mode, tiered, compressed oops, g1 gc, linux-amd64)
# Problematic frame:
# C  0x0000000000000000
#
# No core dump will be written. Core dumps have been disabled. To enable core dumping, try "ulimit -c unlimited" before starting Java again
#
# If you would like to submit a bug report, please visit:
#   https://bugreport.java.com/bugreport/crash.jsp
#

---------------  S U M M A R Y ------------

Command Line: -Xverify:none -XX:TieredStopAtLevel=1 com.simple.restapi.SimpleRestApiApplication

Host: Intel(R) Core(TM) i3-8145U CPU @ 2.10GHz, 4 cores, 3G, Artix Linux
Time: Tue Jan  4 02:40:48 2022 WIB elapsed time: 592.510464 seconds (0d 0h 9m 52s)

---------------  T H R E A D  ---------------

Current thread (0x00007fa8295e2800):  JavaThread "restartedMain" [_thread_in_Java, id=13594, stack(0x00007fa8245f2000,0x00007fa8246f3000)]

Stack: [0x00007fa8245f2000,0x00007fa8246f3000],  sp=0x00007fa8246ef158,  free space=1012k

siginfo: si_signo: 11 (SIGSEGV), si_code: 1 (SEGV_MAPERR), si_addr: 0x0000000000000000

Register to memory mapping:

RAX=0x000000010000b900 is a pointer to class: 
java.lang.invoke.DirectMethodHandle {0x000000010000b900}
RBX=0x00007fa8278cef18 is pointing into metadata
RCX=0x00007fa82780b098 is pointing into metadata
RDX=0x00000000c4dc6be8 is an oop: java.lang.invoke.MemberName 
{0x00000000c4dc6be8} - klass: 'java/lang/invoke/MemberName'
RSP=0x00007fa8246ef158 is pointing into the stack for thread: 0x00007fa8295e2800
RBP=0x00007fa8246ef258 is pointing into the stack for thread: 0x00007fa8295e2800
RSI=0x00000000cb082d80 is an oop: java.util.ArrayList 
{0x00000000cb082d80} - klass: 'java/util/ArrayList'
RDI=0x00000000c4dc6be8 is an oop: java.lang.invoke.MemberName 
{0x00000000c4dc6be8} - klass: 'java/lang/invoke/MemberName'
R8 =0x00000000cb082df8 is an oop: java.lang.String 
{0x00000000cb082df8} - klass: 'java/lang/String'
R9 =0x0000000000000003 is an unknown value
R10=0x00007fa8942290e0: <offset 0x00000000012f40e0> in /usr/lib/jvm/java-11-openjdk/lib/server/libjvm.so at 0x00007fa892f35000
R11=0x00007fa8750bf240 is at entry_point+0 in (nmethod*)0x00007fa8750bf090
R12=0x0 is NULL
R13=0x00007fa8246ef1e8 is pointing into the stack for thread: 0x00007fa8295e2800
R14=0x00007fa8246ef280 is pointing into the stack for thread: 0x00007fa8295e2800
R15=0x00007fa8295e2800 is a thread


Registers:
RAX=0x000000010000b900, RBX=0x00007fa8278cef18, RCX=0x00007fa82780b098, RDX=0x00000000c4dc6be8
RSP=0x00007fa8246ef158, RBP=0x00007fa8246ef258, RSI=0x00000000cb082d80, RDI=0x00000000c4dc6be8
R8 =0x00000000cb082df8, R9 =0x0000000000000003, R10=0x00007fa8942290e0, R11=0x00007fa8750bf240
R12=0x0000000000000000, R13=0x00007fa8246ef1e8, R14=0x00007fa8246ef280, R15=0x00007fa8295e2800
RIP=0x0000000000000000, EFLAGS=0x0000000000010206, CSGSFS=0x002b000000000033, ERR=0x0000000000000014
  TRAPNO=0x000000000000000e

Top of Stack: (sp=0x00007fa8246ef158)
0x00007fa8246ef158:   00007fa8750bec04 00007fa8246ef220
0x00007fa8246ef168:   0000000000000000 00007fa8246ef1e8
0x00007fa8246ef178:   00007fa8246ef280 00007fa8246ef1d0
0x00007fa8246ef188:   00007fa874f16869 00007fa8246ef258 

Instructions: (pc=0x0000000000000000)
0xffffffffffffff00:   


Stack slot to memory mapping:
stack at sp + 0 slots: 0x00007fa8750bec04 is at entry_point+68 in (nmethod*)0x00007fa8750bea10
stack at sp + 1 slots: 0x00007fa8246ef220 is pointing into the stack for thread: 0x00007fa8295e2800
stack at sp + 2 slots: 0x0 is NULL
stack at sp + 3 slots: 0x00007fa8246ef1e8 is pointing into the stack for thread: 0x00007fa8295e2800
stack at sp + 4 slots: 0x00007fa8246ef280 is pointing into the stack for thread: 0x00007fa8295e2800
stack at sp + 5 slots: 0x00007fa8246ef1d0 is pointing into the stack for thread: 0x00007fa8295e2800
stack at sp + 6 slots: 0x00007fa874f16869 is at entry_point+169 in (nmethod*)0x00007fa874f16610
stack at sp + 7 slots: 0x00007fa8246ef258 is pointing into the stack for thread: 0x00007fa8295e2800


---------------  P R O C E S S  ---------------

Threads class SMR info:
_java_thread_list=0x00007fa829465f20, length=13, elements={
0x00007fa88c0f7000, 0x00007fa88c0fb800, 0x00007fa88c110000, 0x00007fa88c112000,
0x00007fa88c114800, 0x00007fa88c116800, 0x00007fa88c1c0000, 0x00007fa828bde000,
0x00007fa8295c9800, 0x00007fa88c018000, 0x00007fa7f8078000, 0x00007fa8187e7800,
0x00007fa8295e2800
}

Java Threads: ( => current thread )
  0x00007fa88c0f7000 JavaThread "Reference Handler" daemon [_thread_blocked, id=3339, stack(0x00007fa8654d8000,0x00007fa8655d9000)]
  0x00007fa88c0fb800 JavaThread "Finalizer" daemon [_thread_blocked, id=3340, stack(0x00007fa8653d7000,0x00007fa8654d8000)]
  0x00007fa88c110000 JavaThread "Signal Dispatcher" daemon [_thread_blocked, id=3341, stack(0x00007fa864fef000,0x00007fa8650f0000)]
  0x00007fa88c112000 JavaThread "Service Thread" daemon [_thread_blocked, id=3342, stack(0x00007fa864eee000,0x00007fa864fef000)]
  0x00007fa88c114800 JavaThread "C1 CompilerThread0" daemon [_thread_blocked, id=3343, stack(0x00007fa864ded000,0x00007fa864eee000)]
  0x00007fa88c116800 JavaThread "Sweeper thread" daemon [_thread_blocked, id=3344, stack(0x00007fa864cec000,0x00007fa864ded000)]
  0x00007fa88c1c0000 JavaThread "Common-Cleaner" daemon [_thread_blocked, id=3346, stack(0x00007fa864ae9000,0x00007fa864bea000)]
  0x00007fa828bde000 JavaThread "mysql-cj-abandoned-connection-cleanup" daemon [_thread_blocked, id=3668, stack(0x00007fa8268fd000,0x00007fa8269fe000)]
  0x00007fa8295c9800 JavaThread "Live Reload Server" daemon [_thread_in_native, id=3929, stack(0x00007fa824ef9000,0x00007fa824ffa000)]
  0x00007fa88c018000 JavaThread "DestroyJavaVM" [_thread_blocked, id=3316, stack(0x00007fa892abe000,0x00007fa892bbf000)]
  0x00007fa7f8078000 JavaThread "File Watcher" daemon [_thread_blocked, id=5959, stack(0x00007fa8261fc000,0x00007fa8262fd000)]
  0x00007fa8187e7800 JavaThread "Thread-46" [_thread_blocked, id=13495, stack(0x00007fa86467f000,0x00007fa864780000)]
=>0x00007fa8295e2800 JavaThread "restartedMain" [_thread_in_Java, id=13594, stack(0x00007fa8245f2000,0x00007fa8246f3000)]

Other Threads:
  0x00007fa88c0ef000 VMThread "VM Thread" [stack: 0x00007fa8655db000,0x00007fa8656db000] [id=3338]
  0x00007fa88c1b6800 WatcherThread [stack: 0x00007fa864bec000,0x00007fa864cec000] [id=3345]
  0x00007fa88c02f800 GCTaskThread "GC Thread#0" [stack: 0x00007fa892775000,0x00007fa892875000] [id=3332]
  0x00007fa85c001000 GCTaskThread "GC Thread#1" [stack: 0x00007fa86498b000,0x00007fa864a8b000] [id=3360]
  0x00007fa85c004000 GCTaskThread "GC Thread#2" [stack: 0x00007fa86427e000,0x00007fa86437e000] [id=3374]
  0x00007fa85c005000 GCTaskThread "GC Thread#3" [stack: 0x00007fa86417c000,0x00007fa86427c000] [id=3375]
  0x00007fa88c04a000 ConcurrentGCThread "G1 Main Marker" [stack: 0x00007fa874733000,0x00007fa874833000] [id=3333]
  0x00007fa88c04c000 ConcurrentGCThread "G1 Conc#0" [stack: 0x00007fa874631000,0x00007fa874731000] [id=3334]
  0x00007fa88c08d800 ConcurrentGCThread "G1 Refine#0" [stack: 0x00007fa87412b000,0x00007fa87422b000] [id=3336]
  0x00007fa88c08f800 ConcurrentGCThread "G1 Young RemSet Sampling" [stack: 0x00007fa874029000,0x00007fa874129000] [id=3337]

Threads with active compile tasks:

VM state:not at safepoint (normal execution)

VM Mutex/Monitor currently owned by a thread: None

Heap address: 0x00000000c4600000, size: 954 MB, Compressed Oops mode: 32-bit
Narrow klass base: 0x0000000000000000, Narrow klass shift: 3
Compressed class space size: 1073741824 Address: 0x0000000100000000

Heap:
 garbage-first heap   total 119808K, used 46247K [0x00000000c4600000, 0x0000000100000000)
  region size 1024K, 11 young (11264K), 0 survivors (0K)
 Metaspace       used 80293K, capacity 84346K, committed 84520K, reserved 1122304K
  class space    used 10476K, capacity 11907K, committed 11980K, reserved 1048576K
Heap Regions: E=young(eden), S=young(survivor), O=old, HS=humongous(starts), HC=humongous(continues), CS=collection set, F=free, A=archive, TAMS=top-at-mark-start (previous, next)
|   0|0x00000000c4600000, 0x00000000c4700000, 0x00000000c4700000|100%|HS|  |TAMS 0x00000000c4600000, 0x00000000c4600000| Untracked 
|   1|0x00000000c4700000, 0x00000000c4800000, 0x00000000c4800000|100%| O|  |TAMS 0x00000000c4700000, 0x00000000c4700000| Untracked 
|   2|0x00000000c4800000, 0x00000000c48fffd0, 0x00000000c4900000| 99%| O|  |TAMS 0x00000000c4800000, 0x00000000c4800000| Untracked 
|   3|0x00000000c4900000, 0x00000000c49ffff8, 0x00000000c4a00000| 99%| O|  |TAMS 0x00000000c4900000, 0x00000000c4900000| Untracked 
|   4|0x00000000c4a00000, 0x00000000c4b00000, 0x00000000c4b00000|100%| O|  |TAMS 0x00000000c4a00000, 0x00000000c4a00000| Untracked 
|   5|0x00000000c4b00000, 0x00000000c4bfffe0, 0x00000000c4c00000| 99%| O|  |TAMS 0x00000000c4b00000, 0x00000000c4b00000| Untracked 
|   6|0x00000000c4c00000, 0x00000000c4cfffe8, 0x00000000c4d00000| 99%| O|  |TAMS 0x00000000c4c00000, 0x00000000c4c00000| Untracked 
|   7|0x00000000c4d00000, 0x00000000c4dfffe0, 0x00000000c4e00000| 99%| O|  |TAMS 0x00000000c4d00000, 0x00000000c4d00000| Untracked 
|   8|0x00000000c4e00000, 0x00000000c4efffe8, 0x00000000c4f00000| 99%| O|  |TAMS 0x00000000c4e00000, 0x00000000c4e00000| Untracked 
|   9|0x00000000c4f00000, 0x00000000c4fffff8, 0x00000000c5000000| 99%| O|  |TAMS 0x00000000c4f00000, 0x00000000c4f00000| Untracked 
|  10|0x00000000c5000000, 0x00000000c5100000, 0x00000000c5100000|100%| O|  |TAMS 0x00000000c5000000, 0x00000000c5000000| Untracked 
|  11|0x00000000c5100000, 0x00000000c5200000, 0x00000000c5200000|100%| O|  |TAMS 0x00000000c5100000, 0x00000000c5100000| Untracked 
|  12|0x00000000c5200000, 0x00000000c52fffd8, 0x00000000c5300000| 99%| O|  |TAMS 0x00000000c5200000, 0x00000000c5200000| Untracked 
|  13|0x00000000c5300000, 0x00000000c53fffe0, 0x00000000c5400000| 99%| O|  |TAMS 0x00000000c5300000, 0x00000000c5300000| Untracked 
|  14|0x00000000c5400000, 0x00000000c54ffff8, 0x00000000c5500000| 99%| O|  |TAMS 0x00000000c5400000, 0x00000000c5400000| Untracked 
|  15|0x00000000c5500000, 0x00000000c55fffe8, 0x00000000c5600000| 99%| O|  |TAMS 0x00000000c5500000, 0x00000000c5500000| Untracked 
|  16|0x00000000c5600000, 0x00000000c56fff98, 0x00000000c5700000| 99%| O|  |TAMS 0x00000000c5600000, 0x00000000c5600000| Untracked 
|  17|0x00000000c5700000, 0x00000000c57fffc8, 0x00000000c5800000| 99%| O|  |TAMS 0x00000000c5700000, 0x00000000c5700000| Untracked 
|  18|0x00000000c5800000, 0x00000000c58fffd8, 0x00000000c5900000| 99%| O|  |TAMS 0x00000000c5800000, 0x00000000c5800000| Untracked 
|  19|0x00000000c5900000, 0x00000000c59ffff0, 0x00000000c5a00000| 99%| O|  |TAMS 0x00000000c5900000, 0x00000000c5900000| Untracked 
|  20|0x00000000c5a00000, 0x00000000c5affff8, 0x00000000c5b00000| 99%| O|  |TAMS 0x00000000c5a00000, 0x00000000c5a00000| Untracked 
|  21|0x00000000c5b00000, 0x00000000c5bfffb0, 0x00000000c5c00000| 99%| O|  |TAMS 0x00000000c5b00000, 0x00000000c5b00000| Untracked 
|  22|0x00000000c5c00000, 0x00000000c5cffff8, 0x00000000c5d00000| 99%| O|  |TAMS 0x00000000c5c00000, 0x00000000c5c00000| Untracked 
|  23|0x00000000c5d00000, 0x00000000c5dffff8, 0x00000000c5e00000| 99%| O|  |TAMS 0x00000000c5d00000, 0x00000000c5d00000| Untracked 
|  24|0x00000000c5e00000, 0x00000000c5efff08, 0x00000000c5f00000| 99%| O|  |TAMS 0x00000000c5e00000, 0x00000000c5e00000| Untracked 
|  25|0x00000000c5f00000, 0x00000000c5ffff20, 0x00000000c6000000| 99%| O|  |TAMS 0x00000000c5f00000, 0x00000000c5f00000| Untracked 
|  26|0x00000000c6000000, 0x00000000c60fffc8, 0x00000000c6100000| 99%| O|  |TAMS 0x00000000c6000000, 0x00000000c6000000| Untracked 
|  27|0x00000000c6100000, 0x00000000c61fffe0, 0x00000000c6200000| 99%| O|  |TAMS 0x00000000c6100000, 0x00000000c6100000| Untracked 
|  28|0x00000000c6200000, 0x00000000c62fffd0, 0x00000000c6300000| 99%| O|  |TAMS 0x00000000c6200000, 0x00000000c6200000| Untracked 
|  29|0x00000000c6300000, 0x00000000c63fffd0, 0x00000000c6400000| 99%| O|  |TAMS 0x00000000c6300000, 0x00000000c6300000| Untracked 
|  30|0x00000000c6400000, 0x00000000c64fffe0, 0x00000000c6500000| 99%| O|  |TAMS 0x00000000c6400000, 0x00000000c6400000| Untracked 
|  31|0x00000000c6500000, 0x00000000c65fff30, 0x00000000c6600000| 99%| O|  |TAMS 0x00000000c6500000, 0x00000000c6500000| Untracked 
|  32|0x00000000c6600000, 0x00000000c6600e68, 0x00000000c6700000|  0%| O|  |TAMS 0x00000000c6600000, 0x00000000c6600000| Untracked 
|  33|0x00000000c6700000, 0x00000000c6800000, 0x00000000c6800000|100%| O|  |TAMS 0x00000000c6700000, 0x00000000c6700000| Untracked 
|  34|0x00000000c6800000, 0x00000000c68fffe8, 0x00000000c6900000| 99%| O|  |TAMS 0x00000000c6800000, 0x00000000c6800000| Untracked 
|  35|0x00000000c6900000, 0x00000000c6939fa0, 0x00000000c6a00000| 22%| O|  |TAMS 0x00000000c6900000, 0x00000000c6900000| Untracked 
|  36|0x00000000c6a00000, 0x00000000c6aef4b8, 0x00000000c6b00000| 93%| O|  |TAMS 0x00000000c6a00000, 0x00000000c6a00000| Untracked 
|  37|0x00000000c6b00000, 0x00000000c6b00000, 0x00000000c6c00000|  0%| F|  |TAMS 0x00000000c6b00000, 0x00000000c6b00000| Untracked 
|  38|0x00000000c6c00000, 0x00000000c6c00000, 0x00000000c6d00000|  0%| F|  |TAMS 0x00000000c6c00000, 0x00000000c6c00000| Untracked 
|  39|0x00000000c6d00000, 0x00000000c6d00000, 0x00000000c6e00000|  0%| F|  |TAMS 0x00000000c6d00000, 0x00000000c6d00000| Untracked 
|  40|0x00000000c6e00000, 0x00000000c6e00000, 0x00000000c6f00000|  0%| F|  |TAMS 0x00000000c6e00000, 0x00000000c6e00000| Untracked 
|  41|0x00000000c6f00000, 0x00000000c6f00000, 0x00000000c7000000|  0%| F|  |TAMS 0x00000000c6f00000, 0x00000000c6f00000| Untracked 
|  42|0x00000000c7000000, 0x00000000c7000000, 0x00000000c7100000|  0%| F|  |TAMS 0x00000000c7000000, 0x00000000c7000000| Untracked 
|  43|0x00000000c7100000, 0x00000000c7100000, 0x00000000c7200000|  0%| F|  |TAMS 0x00000000c7100000, 0x00000000c7100000| Untracked 
|  44|0x00000000c7200000, 0x00000000c7200000, 0x00000000c7300000|  0%| F|  |TAMS 0x00000000c7200000, 0x00000000c7200000| Untracked 
|  45|0x00000000c7300000, 0x00000000c7300000, 0x00000000c7400000|  0%| F|  |TAMS 0x00000000c7300000, 0x00000000c7300000| Untracked 
|  46|0x00000000c7400000, 0x00000000c7400000, 0x00000000c7500000|  0%| F|  |TAMS 0x00000000c7400000, 0x00000000c7400000| Untracked 
|  47|0x00000000c7500000, 0x00000000c7500000, 0x00000000c7600000|  0%| F|  |TAMS 0x00000000c7500000, 0x00000000c7500000| Untracked 
|  48|0x00000000c7600000, 0x00000000c7600000, 0x00000000c7700000|  0%| F|  |TAMS 0x00000000c7600000, 0x00000000c7600000| Untracked 
|  49|0x00000000c7700000, 0x00000000c7700000, 0x00000000c7800000|  0%| F|  |TAMS 0x00000000c7700000, 0x00000000c7700000| Untracked 
|  50|0x00000000c7800000, 0x00000000c7800000, 0x00000000c7900000|  0%| F|  |TAMS 0x00000000c7800000, 0x00000000c7800000| Untracked 
|  51|0x00000000c7900000, 0x00000000c7900000, 0x00000000c7a00000|  0%| F|  |TAMS 0x00000000c7900000, 0x00000000c7900000| Untracked 
|  52|0x00000000c7a00000, 0x00000000c7a00000, 0x00000000c7b00000|  0%| F|  |TAMS 0x00000000c7a00000, 0x00000000c7a00000| Untracked 
|  53|0x00000000c7b00000, 0x00000000c7b00000, 0x00000000c7c00000|  0%| F|  |TAMS 0x00000000c7b00000, 0x00000000c7b00000| Untracked 
|  54|0x00000000c7c00000, 0x00000000c7c00000, 0x00000000c7d00000|  0%| F|  |TAMS 0x00000000c7c00000, 0x00000000c7c00000| Untracked 
|  55|0x00000000c7d00000, 0x00000000c7d00000, 0x00000000c7e00000|  0%| F|  |TAMS 0x00000000c7d00000, 0x00000000c7d00000| Untracked 
|  56|0x00000000c7e00000, 0x00000000c7e00000, 0x00000000c7f00000|  0%| F|  |TAMS 0x00000000c7e00000, 0x00000000c7e00000| Untracked 
|  57|0x00000000c7f00000, 0x00000000c7f00000, 0x00000000c8000000|  0%| F|  |TAMS 0x00000000c7f00000, 0x00000000c7f00000| Untracked 
|  58|0x00000000c8000000, 0x00000000c8000000, 0x00000000c8100000|  0%| F|  |TAMS 0x00000000c8000000, 0x00000000c8000000| Untracked 
|  59|0x00000000c8100000, 0x00000000c8100000, 0x00000000c8200000|  0%| F|  |TAMS 0x00000000c8100000, 0x00000000c8100000| Untracked 
|  60|0x00000000c8200000, 0x00000000c8200000, 0x00000000c8300000|  0%| F|  |TAMS 0x00000000c8200000, 0x00000000c8200000| Untracked 
|  61|0x00000000c8300000, 0x00000000c8300000, 0x00000000c8400000|  0%| F|  |TAMS 0x00000000c8300000, 0x00000000c8300000| Untracked 
|  62|0x00000000c8400000, 0x00000000c8400000, 0x00000000c8500000|  0%| F|  |TAMS 0x00000000c8400000, 0x00000000c8400000| Untracked 
|  63|0x00000000c8500000, 0x00000000c8500000, 0x00000000c8600000|  0%| F|  |TAMS 0x00000000c8500000, 0x00000000c8500000| Untracked 
|  64|0x00000000c8600000, 0x00000000c8600000, 0x00000000c8700000|  0%| F|  |TAMS 0x00000000c8600000, 0x00000000c8600000| Untracked 
|  65|0x00000000c8700000, 0x00000000c8700000, 0x00000000c8800000|  0%| F|  |TAMS 0x00000000c8700000, 0x00000000c8700000| Untracked 
|  66|0x00000000c8800000, 0x00000000c8800000, 0x00000000c8900000|  0%| F|  |TAMS 0x00000000c8800000, 0x00000000c8800000| Untracked 
|  67|0x00000000c8900000, 0x00000000c8900000, 0x00000000c8a00000|  0%| F|  |TAMS 0x00000000c8900000, 0x00000000c8900000| Untracked 
|  68|0x00000000c8a00000, 0x00000000c8a00000, 0x00000000c8b00000|  0%| F|  |TAMS 0x00000000c8a00000, 0x00000000c8a00000| Untracked 
|  69|0x00000000c8b00000, 0x00000000c8b00000, 0x00000000c8c00000|  0%| F|  |TAMS 0x00000000c8b00000, 0x00000000c8b00000| Untracked 
|  70|0x00000000c8c00000, 0x00000000c8c00000, 0x00000000c8d00000|  0%| F|  |TAMS 0x00000000c8c00000, 0x00000000c8c00000| Untracked 
|  71|0x00000000c8d00000, 0x00000000c8d00000, 0x00000000c8e00000|  0%| F|  |TAMS 0x00000000c8d00000, 0x00000000c8d00000| Untracked 
|  72|0x00000000c8e00000, 0x00000000c8e00000, 0x00000000c8f00000|  0%| F|  |TAMS 0x00000000c8e00000, 0x00000000c8e00000| Untracked 
|  73|0x00000000c8f00000, 0x00000000c8f00000, 0x00000000c9000000|  0%| F|  |TAMS 0x00000000c8f00000, 0x00000000c8f00000| Untracked 
|  74|0x00000000c9000000, 0x00000000c9000000, 0x00000000c9100000|  0%| F|  |TAMS 0x00000000c9000000, 0x00000000c9000000| Untracked 
|  75|0x00000000c9100000, 0x00000000c9100000, 0x00000000c9200000|  0%| F|  |TAMS 0x00000000c9100000, 0x00000000c9100000| Untracked 
|  76|0x00000000c9200000, 0x00000000c9200000, 0x00000000c9300000|  0%| F|  |TAMS 0x00000000c9200000, 0x00000000c9200000| Untracked 
|  77|0x00000000c9300000, 0x00000000c9300000, 0x00000000c9400000|  0%| F|  |TAMS 0x00000000c9300000, 0x00000000c9300000| Untracked 
|  78|0x00000000c9400000, 0x00000000c9400000, 0x00000000c9500000|  0%| F|  |TAMS 0x00000000c9400000, 0x00000000c9400000| Untracked 
|  79|0x00000000c9500000, 0x00000000c9500000, 0x00000000c9600000|  0%| F|  |TAMS 0x00000000c9500000, 0x00000000c9500000| Untracked 
|  80|0x00000000c9600000, 0x00000000c9600000, 0x00000000c9700000|  0%| F|  |TAMS 0x00000000c9600000, 0x00000000c9600000| Untracked 
|  81|0x00000000c9700000, 0x00000000c9700000, 0x00000000c9800000|  0%| F|  |TAMS 0x00000000c9700000, 0x00000000c9700000| Untracked 
|  82|0x00000000c9800000, 0x00000000c9800000, 0x00000000c9900000|  0%| F|  |TAMS 0x00000000c9800000, 0x00000000c9800000| Untracked 
|  83|0x00000000c9900000, 0x00000000c9900000, 0x00000000c9a00000|  0%| F|  |TAMS 0x00000000c9900000, 0x00000000c9900000| Untracked 
|  84|0x00000000c9a00000, 0x00000000c9a00000, 0x00000000c9b00000|  0%| F|  |TAMS 0x00000000c9a00000, 0x00000000c9a00000| Untracked 
|  85|0x00000000c9b00000, 0x00000000c9b00000, 0x00000000c9c00000|  0%| F|  |TAMS 0x00000000c9b00000, 0x00000000c9b00000| Untracked 
|  86|0x00000000c9c00000, 0x00000000c9c00000, 0x00000000c9d00000|  0%| F|  |TAMS 0x00000000c9c00000, 0x00000000c9c00000| Untracked 
|  87|0x00000000c9d00000, 0x00000000c9d00000, 0x00000000c9e00000|  0%| F|  |TAMS 0x00000000c9d00000, 0x00000000c9d00000| Untracked 
|  88|0x00000000c9e00000, 0x00000000c9e00000, 0x00000000c9f00000|  0%| F|  |TAMS 0x00000000c9e00000, 0x00000000c9e00000| Untracked 
|  89|0x00000000c9f00000, 0x00000000c9f00000, 0x00000000ca000000|  0%| F|  |TAMS 0x00000000c9f00000, 0x00000000c9f00000| Untracked 
|  90|0x00000000ca000000, 0x00000000ca000000, 0x00000000ca100000|  0%| F|  |TAMS 0x00000000ca000000, 0x00000000ca000000| Untracked 
|  91|0x00000000ca100000, 0x00000000ca100000, 0x00000000ca200000|  0%| F|  |TAMS 0x00000000ca100000, 0x00000000ca100000| Untracked 
|  92|0x00000000ca200000, 0x00000000ca200000, 0x00000000ca300000|  0%| F|  |TAMS 0x00000000ca200000, 0x00000000ca200000| Untracked 
|  93|0x00000000ca300000, 0x00000000ca300000, 0x00000000ca400000|  0%| F|  |TAMS 0x00000000ca300000, 0x00000000ca300000| Untracked 
|  94|0x00000000ca400000, 0x00000000ca400000, 0x00000000ca500000|  0%| F|  |TAMS 0x00000000ca400000, 0x00000000ca400000| Untracked 
|  95|0x00000000ca500000, 0x00000000ca500000, 0x00000000ca600000|  0%| F|  |TAMS 0x00000000ca500000, 0x00000000ca500000| Untracked 
|  96|0x00000000ca600000, 0x00000000ca600000, 0x00000000ca700000|  0%| F|  |TAMS 0x00000000ca600000, 0x00000000ca600000| Untracked 
|  97|0x00000000ca700000, 0x00000000ca700000, 0x00000000ca800000|  0%| F|  |TAMS 0x00000000ca700000, 0x00000000ca700000| Untracked 
|  98|0x00000000ca800000, 0x00000000ca800000, 0x00000000ca900000|  0%| F|  |TAMS 0x00000000ca800000, 0x00000000ca800000| Untracked 
|  99|0x00000000ca900000, 0x00000000ca900000, 0x00000000caa00000|  0%| F|  |TAMS 0x00000000ca900000, 0x00000000ca900000| Untracked 
| 100|0x00000000caa00000, 0x00000000caa00000, 0x00000000cab00000|  0%| F|  |TAMS 0x00000000caa00000, 0x00000000caa00000| Untracked 
| 101|0x00000000cab00000, 0x00000000cab00000, 0x00000000cac00000|  0%| F|  |TAMS 0x00000000cab00000, 0x00000000cab00000| Untracked 
| 102|0x00000000cac00000, 0x00000000cac00000, 0x00000000cad00000|  0%| F|  |TAMS 0x00000000cac00000, 0x00000000cac00000| Untracked 
| 103|0x00000000cad00000, 0x00000000cad00000, 0x00000000cae00000|  0%| F|  |TAMS 0x00000000cad00000, 0x00000000cad00000| Untracked 
| 104|0x00000000cae00000, 0x00000000cae00000, 0x00000000caf00000|  0%| F|  |TAMS 0x00000000cae00000, 0x00000000cae00000| Untracked 
| 105|0x00000000caf00000, 0x00000000caf00000, 0x00000000cb000000|  0%| F|  |TAMS 0x00000000caf00000, 0x00000000caf00000| Untracked 
| 106|0x00000000cb000000, 0x00000000cb093f90, 0x00000000cb100000| 57%| E|  |TAMS 0x00000000cb000000, 0x00000000cb000000| Complete 
| 107|0x00000000cb100000, 0x00000000cb200000, 0x00000000cb200000|100%| E|CS|TAMS 0x00000000cb100000, 0x00000000cb100000| Complete 
| 108|0x00000000cb200000, 0x00000000cb300000, 0x00000000cb300000|100%| E|CS|TAMS 0x00000000cb200000, 0x00000000cb200000| Complete 
| 109|0x00000000cb300000, 0x00000000cb400000, 0x00000000cb400000|100%| E|CS|TAMS 0x00000000cb300000, 0x00000000cb300000| Complete 
| 110|0x00000000cb400000, 0x00000000cb500000, 0x00000000cb500000|100%| E|CS|TAMS 0x00000000cb400000, 0x00000000cb400000| Complete 
| 111|0x00000000cb500000, 0x00000000cb600000, 0x00000000cb600000|100%| E|CS|TAMS 0x00000000cb500000, 0x00000000cb500000| Complete 
| 112|0x00000000cb600000, 0x00000000cb700000, 0x00000000cb700000|100%| E|CS|TAMS 0x00000000cb600000, 0x00000000cb600000| Complete 
| 113|0x00000000cb700000, 0x00000000cb800000, 0x00000000cb800000|100%| E|CS|TAMS 0x00000000cb700000, 0x00000000cb700000| Complete 
| 114|0x00000000cb800000, 0x00000000cb900000, 0x00000000cb900000|100%| E|CS|TAMS 0x00000000cb800000, 0x00000000cb800000| Complete 
| 115|0x00000000cb900000, 0x00000000cba00000, 0x00000000cba00000|100%| E|CS|TAMS 0x00000000cb900000, 0x00000000cb900000| Complete 
| 116|0x00000000cba00000, 0x00000000cbb00000, 0x00000000cbb00000|100%| E|CS|TAMS 0x00000000cba00000, 0x00000000cba00000| Complete 

Card table byte_map: [0x00007fa891fb5000,0x00007fa892192000] _byte_map_base: 0x00007fa891992000

Marking Bits (Prev, Next): (CMBitMap*) 0x00007fa88c0455e8, (CMBitMap*) 0x00007fa88c045620
 Prev Bits: [0x00007fa890ef0000, 0x00007fa891dd8000)
 Next Bits: [0x00007fa890008000, 0x00007fa890ef0000)

Polling page: 0x00007fa892a84000

Metaspace:

Usage:
  Non-class:     70.74 MB capacity,    68.18 MB ( 96%) used,     2.20 MB (  3%) free+waste,   369.06 KB ( <1%) overhead. 
      Class:     11.63 MB capacity,    10.23 MB ( 88%) used,     1.22 MB ( 11%) free+waste,   179.56 KB (  2%) overhead. 
       Both:     82.37 MB capacity,    78.41 MB ( 95%) used,     3.42 MB (  4%) free+waste,   548.62 KB ( <1%) overhead. 

Virtual space:
  Non-class space:       72.00 MB reserved,      70.84 MB ( 98%) committed 
      Class space:        1.00 GB reserved,      11.70 MB (  1%) committed 
             Both:        1.07 GB reserved,      82.54 MB (  8%) committed 

Chunk freelists:
   Non-Class:  37.00 KB
       Class:  1.00 KB
        Both:  38.00 KB

MaxMetaspaceSize: unlimited
CompressedClassSpaceSize: 1.00 GB
Initial GC threshold: 20.80 MB
Current GC threshold: 137.57 MB
CDS: off

CodeHeap 'non-profiled nmethods': size=238948Kb used=24664Kb max_used=24664Kb free=214283Kb
 bounds [0x00007fa874efa000, 0x00007fa87671a000, 0x00007fa883853000]
CodeHeap 'non-nmethods': size=6812Kb used=1326Kb max_used=1326Kb free=5485Kb
 bounds [0x00007fa874853000, 0x00007fa874ac3000, 0x00007fa874efa000]
 total_blobs=15359 nmethods=14724 adapters=561
 compilation: enabled
              stopped_count=0, restarted_count=0
 full_count=0

Compilation events (20 events):
Event: 592.282 Thread 0x00007fa88c114800 14732       1       java.util.concurrent.CopyOnWriteArrayList::toArray (44 bytes)
Event: 592.283 Thread 0x00007fa88c114800 nmethod 14732 0x00007fa87670b590 code [0x00007fa87670b760, 0x00007fa87670ba10]
Event: 592.293 Thread 0x00007fa88c114800 14733       1       org.springframework.boot.env.OriginTrackedPropertiesLoader::loadKey (74 bytes)
Event: 592.295 Thread 0x00007fa88c114800 nmethod 14733 0x00007fa87670bb10 code [0x00007fa87670bd60, 0x00007fa87670c430]
Event: 592.314 Thread 0x00007fa88c114800 14734       1       org.springframework.boot.logging.LoggingSystemProperties::setSystemProperty (9 bytes)
Event: 592.315 Thread 0x00007fa88c114800 nmethod 14734 0x00007fa87670c710 code [0x00007fa87670c8e0, 0x00007fa87670ca10]
Event: 592.315 Thread 0x00007fa88c114800 14735   !   1       org.springframework.boot.logging.logback.LogbackLoggingSystemProperties::getProperty (41 bytes)
Event: 592.316 Thread 0x00007fa88c114800 nmethod 14735 0x00007fa87670cb10 code [0x00007fa87670cd00, 0x00007fa87670cf10]
Event: 592.316 Thread 0x00007fa88c114800 14736       1       org.springframework.core.env.PropertySourcesPropertyResolver::getProperty (8 bytes)
Event: 592.316 Thread 0x00007fa88c114800 nmethod 14736 0x00007fa87670d010 code [0x00007fa87670d1c0, 0x00007fa87670d2a0]
Event: 592.316 Thread 0x00007fa88c114800 14737       1       ch.qos.logback.core.subst.Tokenizer::handleDefaultValueState (95 bytes)
Event: 592.317 Thread 0x00007fa88c114800 nmethod 14737 0x00007fa87670d310 code [0x00007fa87670d540, 0x00007fa87670da00]
Event: 592.317 Thread 0x00007fa88c114800 14738       1       org.springframework.boot.logging.logback.LogbackConfigurator::getContext (5 bytes)
Event: 592.317 Thread 0x00007fa88c114800 nmethod 14738 0x00007fa87670dc10 code [0x00007fa87670ddc0, 0x00007fa87670de70]
Event: 592.340 Thread 0x00007fa88c114800 14739       1       org.springframework.util.AntPathMatcher$AntPathStringMatcher::<init> (318 bytes)
Event: 592.343 Thread 0x00007fa88c114800 nmethod 14739 0x00007fa87670df10 code [0x00007fa87670e2c0, 0x00007fa87670f140]
Event: 592.353 Thread 0x00007fa88c114800 14740       1       org.springframework.asm.ClassReader::readByte (11 bytes)
Event: 592.353 Thread 0x00007fa88c114800 nmethod 14740 0x00007fa87670fa10 code [0x00007fa87670fbc0, 0x00007fa87670fcb0]
Event: 592.432 Thread 0x00007fa88c114800 14741       1       org.springframework.core.annotation.AnnotationAttributes::getAnnotationArray (11 bytes)
Event: 592.433 Thread 0x00007fa88c114800 nmethod 14741 0x00007fa87670fd90 code [0x00007fa87670ff40, 0x00007fa876710040]

GC Heap History (20 events):
Event: 541.226 GC heap before
{Heap before GC invocations=154 (full 10):
 garbage-first heap   total 119808K, used 89825K [0x00000000c4600000, 0x0000000100000000)
  region size 1024K, 53 young (54272K), 0 survivors (0K)
 Metaspace       used 79818K, capacity 83839K, committed 84008K, reserved 1122304K
  class space    used 10435K, capacity 11870K, committed 11980K, reserved 1048576K
}
Event: 541.247 GC heap after
{Heap after GC invocations=155 (full 10):
 garbage-first heap   total 119808K, used 38908K [0x00000000c4600000, 0x0000000100000000)
  region size 1024K, 4 young (4096K), 4 survivors (4096K)
 Metaspace       used 79818K, capacity 83839K, committed 84008K, reserved 1122304K
  class space    used 10435K, capacity 11870K, committed 11980K, reserved 1048576K
}
Event: 541.444 GC heap before
{Heap before GC invocations=156 (full 10):
 garbage-first heap   total 119808K, used 90108K [0x00000000c4600000, 0x0000000100000000)
  region size 1024K, 55 young (56320K), 4 survivors (4096K)
 Metaspace       used 79905K, capacity 83903K, committed 84264K, reserved 1122304K
  class space    used 10444K, capacity 11870K, committed 11980K, reserved 1048576K
}
Event: 541.453 GC heap after
{Heap after GC invocations=157 (full 10):
 garbage-first heap   total 119808K, used 39426K [0x00000000c4600000, 0x0000000100000000)
  region size 1024K, 4 young (4096K), 4 survivors (4096K)
 Metaspace       used 79905K, capacity 83903K, committed 84264K, reserved 1122304K
  class space    used 10444K, capacity 11870K, committed 11980K, reserved 1048576K
}
Event: 541.839 GC heap before
{Heap before GC invocations=157 (full 10):
 garbage-first heap   total 119808K, used 92674K [0x00000000c4600000, 0x0000000100000000)
  region size 1024K, 57 young (58368K), 4 survivors (4096K)
 Metaspace       used 80274K, capacity 84273K, committed 84520K, reserved 1122304K
  class space    used 10475K, capacity 11905K, committed 11980K, reserved 1048576K
}
Event: 541.863 GC heap after
{Heap after GC invocations=158 (full 10):
 garbage-first heap   total 119808K, used 43059K [0x00000000c4600000, 0x0000000100000000)
  region size 1024K, 8 young (8192K), 8 survivors (8192K)
 Metaspace       used 80274K, capacity 84273K, committed 84520K, reserved 1122304K
  class space    used 10475K, capacity 11905K, committed 11980K, reserved 1048576K
}
Event: 542.100 GC heap before
{Heap before GC invocations=159 (full 10):
 garbage-first heap   total 119808K, used 94259K [0x00000000c4600000, 0x0000000100000000)
  region size 1024K, 58 young (59392K), 8 survivors (8192K)
 Metaspace       used 80274K, capacity 84273K, committed 84520K, reserved 1122304K
  class space    used 10475K, capacity 11905K, committed 11980K, reserved 1048576K
}
Event: 542.116 GC heap after
{Heap after GC invocations=160 (full 10):
 garbage-first heap   total 119808K, used 43989K [0x00000000c4600000, 0x0000000100000000)
  region size 1024K, 5 young (5120K), 5 survivors (5120K)
 Metaspace       used 80274K, capacity 84273K, committed 84520K, reserved 1122304K
  class space    used 10475K, capacity 11905K, committed 11980K, reserved 1048576K
}
Event: 542.118 GC heap before
{Heap before GC invocations=160 (full 10):
 garbage-first heap   total 119808K, used 43989K [0x00000000c4600000, 0x0000000100000000)
  region size 1024K, 6 young (6144K), 5 survivors (5120K)
 Metaspace       used 80274K, capacity 84273K, committed 84520K, reserved 1122304K
  class space    used 10475K, capacity 11905K, committed 11980K, reserved 1048576K
}
Event: 542.133 GC heap after
{Heap after GC invocations=161 (full 10):
 garbage-first heap   total 119808K, used 43990K [0x00000000c4600000, 0x0000000100000000)
  region size 1024K, 2 young (2048K), 2 survivors (2048K)
 Metaspace       used 80274K, capacity 84273K, committed 84520K, reserved 1122304K
  class space    used 10475K, capacity 11905K, committed 11980K, reserved 1048576K
}
Event: 542.230 GC heap before
{Heap before GC invocations=161 (full 10):
 garbage-first heap   total 119808K, used 79830K [0x00000000c4600000, 0x0000000100000000)
  region size 1024K, 37 young (37888K), 2 survivors (2048K)
 Metaspace       used 80274K, capacity 84273K, committed 84520K, reserved 1122304K
  class space    used 10475K, capacity 11905K, committed 11980K, reserved 1048576K
}
Event: 542.288 GC heap after
{Heap after GC invocations=162 (full 10):
 garbage-first heap   total 119808K, used 53299K [0x00000000c4600000, 0x0000000100000000)
  region size 1024K, 5 young (5120K), 5 survivors (5120K)
 Metaspace       used 80274K, capacity 84273K, committed 84520K, reserved 1122304K
  class space    used 10475K, capacity 11905K, committed 11980K, reserved 1048576K
}
Event: 542.495 GC heap before
{Heap before GC invocations=163 (full 10):
 garbage-first heap   total 119808K, used 84019K [0x00000000c4600000, 0x0000000100000000)
  region size 1024K, 35 young (35840K), 5 survivors (5120K)
 Metaspace       used 80274K, capacity 84273K, committed 84520K, reserved 1122304K
  class space    used 10475K, capacity 11905K, committed 11980K, reserved 1048576K
}
Event: 542.541 GC heap after
{Heap after GC invocations=164 (full 10):
 garbage-first heap   total 119808K, used 58716K [0x00000000c4600000, 0x0000000100000000)
  region size 1024K, 5 young (5120K), 5 survivors (5120K)
 Metaspace       used 80274K, capacity 84273K, committed 84520K, reserved 1122304K
  class space    used 10475K, capacity 11905K, committed 11980K, reserved 1048576K
}
Event: 542.834 GC heap before
{Heap before GC invocations=164 (full 10):
 garbage-first heap   total 119808K, used 86364K [0x00000000c4600000, 0x0000000100000000)
  region size 1024K, 32 young (32768K), 5 survivors (5120K)
 Metaspace       used 80283K, capacity 84337K, committed 84520K, reserved 1122304K
  class space    used 10476K, capacity 11905K, committed 11980K, reserved 1048576K
}
Event: 542.880 GC heap after
{Heap after GC invocations=165 (full 10):
 garbage-first heap   total 119808K, used 63669K [0x00000000c4600000, 0x0000000100000000)
  region size 1024K, 4 young (4096K), 4 survivors (4096K)
 Metaspace       used 80283K, capacity 84337K, committed 84520K, reserved 1122304K
  class space    used 10476K, capacity 11905K, committed 11980K, reserved 1048576K
}
Event: 543.289 GC heap before
{Heap before GC invocations=165 (full 10):
 garbage-first heap   total 119808K, used 82657K [0x00000000c4600000, 0x0000000100000000)
  region size 1024K, 28 young (28672K), 4 survivors (4096K)
 Metaspace       used 80291K, capacity 84340K, committed 84520K, reserved 1122304K
  class space    used 10476K, capacity 11905K, committed 11980K, reserved 1048576K
}
Event: 543.309 GC heap after
{Heap after GC invocations=166 (full 10):
 garbage-first heap   total 119808K, used 59581K [0x00000000c4600000, 0x0000000100000000)
  region size 1024K, 2 young (2048K), 2 survivors (2048K)
 Metaspace       used 80291K, capacity 84340K, committed 84520K, reserved 1122304K
  class space    used 10476K, capacity 11905K, committed 11980K, reserved 1048576K
}
Event: 591.552 GC heap before
{Heap before GC invocations=167 (full 10):
 garbage-first heap   total 119808K, used 71869K [0x00000000c4600000, 0x0000000100000000)
  region size 1024K, 15 young (15360K), 2 survivors (2048K)
 Metaspace       used 80294K, capacity 84346K, committed 84520K, reserved 1122304K
  class space    used 10476K, capacity 11907K, committed 11980K, reserved 1048576K
}
Event: 592.226 GC heap after
{Heap after GC invocations=168 (full 11):
 garbage-first heap   total 119808K, used 36007K [0x00000000c4600000, 0x0000000100000000)
  region size 1024K, 0 young (0K), 0 survivors (0K)
 Metaspace       used 80292K, capacity 84340K, committed 84520K, reserved 1122304K
  class space    used 10476K, capacity 11905K, committed 11980K, reserved 1048576K
}

Deoptimization events (8 events):
Event: 1.927 Thread 0x00007fa834002000 DEOPT PACKING pc=0x00007fa87516f94c sp=0x00007fa86467b9b0
Event: 1.927 Thread 0x00007fa834002000 DEOPT UNPACKING pc=0x00007fa87489d64a sp=0x00007fa86467af38 mode 0
Event: 3.863 Thread 0x00007fa834002000 DEOPT PACKING pc=0x00007fa87526cf55 sp=0x00007fa864679df0
Event: 3.863 Thread 0x00007fa834002000 DEOPT UNPACKING pc=0x00007fa87489d64a sp=0x00007fa864679318 mode 3
Event: 4.536 Thread 0x00007fa834002000 DEOPT PACKING pc=0x00007fa875611954 sp=0x00007fa86467bba0
Event: 4.536 Thread 0x00007fa834002000 DEOPT UNPACKING pc=0x00007fa87489d64a sp=0x00007fa86467b188 mode 0
Event: 5.476 Thread 0x00007fa834002000 DEOPT PACKING pc=0x00007fa874fa35bc sp=0x00007fa86467b190
Event: 5.476 Thread 0x00007fa834002000 DEOPT UNPACKING pc=0x00007fa87489d64a sp=0x00007fa86467a6c8 mode 0

Classes redefined (0 events):
No events

Internal exceptions (20 events):
Event: 542.893 Thread 0x00007fa800010000 Exception <a 'java/lang/ClassNotFoundException'{0x00000000cba732e8}: org/springframework/validation/FieldErrorBeanInfo> (0x00000000cba732e8) thrown at [src/hotspot/share/classfile/systemDictionary.cpp, line 231]
Event: 542.893 Thread 0x00007fa800010000 Exception <a 'java/lang/ClassNotFoundException'{0x00000000cba83fe8}: org/springframework/validation/ObjectErrorBeanInfo> (0x00000000cba83fe8) thrown at [src/hotspot/share/classfile/systemDictionary.cpp, line 231]
Event: 542.893 Thread 0x00007fa800010000 Exception <a 'java/lang/ClassNotFoundException'{0x00000000cba98570}: org/springframework/context/support/DefaultMessageSourceResolvableBeanInfo> (0x00000000cba98570) thrown at [src/hotspot/share/classfile/systemDictionary.cpp, line 231]
Event: 542.905 Thread 0x00007fa800010000 Exception <a 'java/lang/ClassNotFoundException'{0x00000000cba9a6a8}: java/lang/ObjectBeanInfo> (0x00000000cba9a6a8) thrown at [src/hotspot/share/classfile/systemDictionary.cpp, line 231]
Event: 542.908 Thread 0x00007fa800010000 Exception <a 'java/lang/ClassNotFoundException'{0x00000000cba9ca98}: java/lang/ObjectCustomizer> (0x00000000cba9ca98) thrown at [src/hotspot/share/classfile/systemDictionary.cpp, line 231]
Event: 542.909 Thread 0x00007fa800010000 Exception <a 'java/lang/ClassNotFoundException'{0x00000000cbab4d90}: org/springframework/context/support/DefaultMessageSourceResolvableCustomizer> (0x00000000cbab4d90) thrown at [src/hotspot/share/classfile/systemDictionary.cpp, line 231]
Event: 542.909 Thread 0x00007fa800010000 Exception <a 'java/lang/ClassNotFoundException'{0x00000000cbacb350}: org/springframework/validation/ObjectErrorCustomizer> (0x00000000cbacb350) thrown at [src/hotspot/share/classfile/systemDictionary.cpp, line 231]
Event: 542.909 Thread 0x00007fa800010000 Exception <a 'java/lang/ClassNotFoundException'{0x00000000cbae0088}: org/springframework/validation/FieldErrorCustomizer> (0x00000000cbae0088) thrown at [src/hotspot/share/classfile/systemDictionary.cpp, line 231]
Event: 542.910 Thread 0x00007fa800010000 Exception <a 'java/lang/ClassNotFoundException'{0x00000000cbaf6f98}: [Ljava/lang/Object;BeanInfo> (0x00000000cbaf6f98) thrown at [src/hotspot/share/prims/jni.cpp, line 637]
Event: 542.910 Thread 0x00007fa800010000 Exception <a 'java/lang/ClassNotFoundException'{0x00000000cbaf7800}: [Ljava/lang/Object;BeanInfo> (0x00000000cbaf7800) thrown at [src/hotspot/share/prims/jni.cpp, line 637]
Event: 542.910 Thread 0x00007fa800010000 Exception <a 'java/lang/ClassNotFoundException'{0x00000000cbaf8128}: [Ljava/lang/Object;Customizer> (0x00000000cbaf8128) thrown at [src/hotspot/share/prims/jni.cpp, line 637]
Event: 542.910 Thread 0x00007fa800010000 Exception <a 'java/lang/ClassNotFoundException'{0x00000000cbaf8990}: [Ljava/lang/Object;Customizer> (0x00000000cbaf8990) thrown at [src/hotspot/share/prims/jni.cpp, line 637]
Event: 542.910 Thread 0x00007fa800010000 Exception <a 'java/lang/ClassNotFoundException'{0x00000000cbafc338}: [Ljava/lang/String;BeanInfo> (0x00000000cbafc338) thrown at [src/hotspot/share/prims/jni.cpp, line 637]
Event: 542.910 Thread 0x00007fa800010000 Exception <a 'java/lang/ClassNotFoundException'{0x00000000cbafcba0}: [Ljava/lang/String;BeanInfo> (0x00000000cbafcba0) thrown at [src/hotspot/share/prims/jni.cpp, line 637]
Event: 542.910 Thread 0x00007fa800010000 Exception <a 'java/lang/ClassNotFoundException'{0x00000000cbafd4c8}: [Ljava/lang/String;Customizer> (0x00000000cbafd4c8) thrown at [src/hotspot/share/prims/jni.cpp, line 637]
Event: 542.910 Thread 0x00007fa800010000 Exception <a 'java/lang/ClassNotFoundException'{0x00000000cbafdd30}: [Ljava/lang/String;Customizer> (0x00000000cbafdd30) thrown at [src/hotspot/share/prims/jni.cpp, line 637]
Event: 543.326 Thread 0x00007fa800010000 Exception <a 'java/lang/ClassNotFoundException'{0x00000000cb9dfec0}: org/springframework/ui/ModelBeanInfo> (0x00000000cb9dfec0) thrown at [src/hotspot/share/classfile/systemDictionary.cpp, line 231]
Event: 543.326 Thread 0x00007fa800010000 Exception <a 'java/lang/ClassNotFoundException'{0x00000000cb805ac0}: org/springframework/ui/ModelCustomizer> (0x00000000cb805ac0) thrown at [src/hotspot/share/classfile/systemDictionary.cpp, line 231]
Event: 591.503 Thread 0x00007fa8041e0000 Exception <a 'java/lang/InterruptedException'{0x00000000caf2bdb8}: sleep interrupted> (0x00000000caf2bdb8) thrown at [src/hotspot/share/prims/jvm.cpp, line 3125]
Event: 592.284 Thread 0x00007fa8295e2800 Exception <a 'java/io/FileNotFoundException'{0x00000000cb962598}> (0x00000000cb962598) thrown at [src/hotspot/share/prims/jni.cpp, line 616]

Events (20 events):
Event: 592.339 loading class javax/inject/Named
Event: 592.339 loading class javax/inject/Named done
Event: 592.340 loading class javax/inject$Named
Event: 592.340 loading class javax/inject$Named done
Event: 592.423 loading class org/springframework/security/oauth2/client/registration/ClientRegistration
Event: 592.423 loading class org/springframework/security/oauth2/client/registration/ClientRegistration done
Event: 592.423 loading class org/springframework/security/oauth2/client/registration$ClientRegistration
Event: 592.423 loading class org/springframework/security/oauth2/client/registration$ClientRegistration done
Event: 592.424 loading class org/springframework/web/reactive/function/client/ExchangeFilterFunction
Event: 592.424 loading class org/springframework/web/reactive/function/client/ExchangeFilterFunction done
Event: 592.424 loading class org/springframework/web/reactive/function/client$ExchangeFilterFunction
Event: 592.424 loading class org/springframework/web/reactive/function/client$ExchangeFilterFunction done
Event: 592.424 loading class org/springframework/security/oauth2/server/resource/BearerTokenError
Event: 592.424 loading class org/springframework/security/oauth2/server/resource/BearerTokenError done
Event: 592.424 loading class org/springframework/security/oauth2/server/resource$BearerTokenError
Event: 592.424 loading class org/springframework/security/oauth2/server/resource$BearerTokenError done
Event: 592.432 loading class javax/inject/Named
Event: 592.432 loading class javax/inject/Named done
Event: 592.432 loading class javax/inject$Named
Event: 592.432 loading class javax/inject$Named done


Dynamic libraries:
c4600000-cbb00000 rw-p 00000000 00:00 0 
cbb00000-100000000 ---p 00000000 00:00 0 
100000000-100bb3000 rw-p 00000000 00:00 0 
100bb3000-140000000 ---p 00000000 00:00 0 
56406c4ca000-56406c4cb000 r--p 00000000 103:03 591840                    /usr/lib/jvm/java-11-openjdk/bin/java
56406c4cb000-56406c4cc000 r-xp 00001000 103:03 591840                    /usr/lib/jvm/java-11-openjdk/bin/java
56406c4cc000-56406c4cd000 r--p 00002000 103:03 591840                    /usr/lib/jvm/java-11-openjdk/bin/java
56406c4cd000-56406c4ce000 r--p 00002000 103:03 591840                    /usr/lib/jvm/java-11-openjdk/bin/java
56406c4ce000-56406c4cf000 rw-p 00003000 103:03 591840                    /usr/lib/jvm/java-11-openjdk/bin/java
56406d2fa000-56406d365000 rw-p 00000000 00:00 0                          [heap]
7fa7f3200000-7fa7f3300000 rw-p 00000000 00:00 0 
7fa7f3300000-7fa7f3400000 ---p 00000000 00:00 0 
7fa7f3400000-7fa7f3600000 rw-p 00000000 00:00 0 
7fa7f3600000-7fa7f3800000 rw-p 00000000 00:00 0 
7fa7f3800000-7fa7f3a00000 rw-p 00000000 00:00 0 
7fa7f3a00000-7fa7f3c00000 rw-p 00000000 00:00 0 
7fa7f3c00000-7fa7f3e00000 rw-p 00000000 00:00 0 
7fa7f3e00000-7fa7f4000000 rw-p 00000000 00:00 0 
7fa7f4000000-7fa7f4a2b000 rw-p 00000000 00:00 0 
7fa7f4a2b000-7fa7f8000000 ---p 00000000 00:00 0 
7fa7f8000000-7fa7f8146000 rw-p 00000000 00:00 0 
7fa7f8146000-7fa7fc000000 ---p 00000000 00:00 0 
7fa7fc000000-7fa7fc093000 rw-p 00000000 00:00 0 
7fa7fc093000-7fa800000000 ---p 00000000 00:00 0 
7fa800000000-7fa8000d9000 rw-p 00000000 00:00 0 
7fa8000d9000-7fa804000000 ---p 00000000 00:00 0 
7fa804000000-7fa804d22000 rw-p 00000000 00:00 0 
7fa804d22000-7fa808000000 ---p 00000000 00:00 0 
7fa808000000-7fa808202000 rw-p 00000000 00:00 0 
7fa808202000-7fa80c000000 ---p 00000000 00:00 0 
7fa80c000000-7fa80c061000 rw-p 00000000 00:00 0 
7fa80c061000-7fa810000000 ---p 00000000 00:00 0 
7fa810000000-7fa810a1b000 rw-p 00000000 00:00 0 
7fa810a1b000-7fa814000000 ---p 00000000 00:00 0 
7fa814000000-7fa814032000 rw-p 00000000 00:00 0 
7fa814032000-7fa818000000 ---p 00000000 00:00 0 
7fa818000000-7fa818a4c000 rw-p 00000000 00:00 0 
7fa818a4c000-7fa81c000000 ---p 00000000 00:00 0 
7fa81c000000-7fa81ce2f000 rw-p 00000000 00:00 0 
7fa81ce2f000-7fa820000000 ---p 00000000 00:00 0 
7fa820000000-7fa82007f000 rw-p 00000000 00:00 0 
7fa82007f000-7fa824000000 ---p 00000000 00:00 0 
7fa8240ef000-7fa8240f3000 ---p 00000000 00:00 0 
7fa8240f3000-7fa8243f0000 rw-p 00000000 00:00 0 
7fa8243f0000-7fa8243f4000 ---p 00000000 00:00 0 
7fa8243f4000-7fa8244f1000 rw-p 00000000 00:00 0 
7fa8244f1000-7fa8244f5000 ---p 00000000 00:00 0 
7fa8244f5000-7fa8245f2000 rw-p 00000000 00:00 0 
7fa8245f2000-7fa8245f6000 ---p 00000000 00:00 0 
7fa8245f6000-7fa8246f3000 rw-p 00000000 00:00 0 
7fa8246f3000-7fa8246f7000 ---p 00000000 00:00 0 
7fa8246f7000-7fa8247f4000 rw-p 00000000 00:00 0 
7fa8247f4000-7fa8247f8000 ---p 00000000 00:00 0 
7fa8247f8000-7fa8248f5000 rw-p 00000000 00:00 0 
7fa8248f5000-7fa8248f9000 ---p 00000000 00:00 0 
7fa8248f9000-7fa8249f6000 rw-p 00000000 00:00 0 
7fa8249f6000-7fa8249fa000 ---p 00000000 00:00 0 
7fa8249fa000-7fa824af7000 rw-p 00000000 00:00 0 
7fa824af7000-7fa824afb000 ---p 00000000 00:00 0 
7fa824afb000-7fa824bf8000 rw-p 00000000 00:00 0 
7fa824bf8000-7fa824bfc000 ---p 00000000 00:00 0 
7fa824bfc000-7fa824ef9000 rw-p 00000000 00:00 0 
7fa824ef9000-7fa824efd000 ---p 00000000 00:00 0 
7fa824efd000-7fa824ffa000 rw-p 00000000 00:00 0 
7fa824ffa000-7fa824ffe000 ---p 00000000 00:00 0 
7fa824ffe000-7fa8252fb000 rw-p 00000000 00:00 0 
7fa8252fb000-7fa8254de000 rw-p 00000000 00:00 0 
7fa8254de000-7fa8254fb000 ---p 00000000 00:00 0 
7fa8254fb000-7fa8256fb000 rw-p 00000000 00:00 0 
7fa8256fb000-7fa8258fb000 rw-p 00000000 00:00 0 
7fa8258fb000-7fa825afb000 rw-p 00000000 00:00 0 
7fa825afb000-7fa825cfb000 rw-p 00000000 00:00 0 
7fa825cfb000-7fa825efb000 rw-p 00000000 00:00 0 
7fa825efb000-7fa825eff000 ---p 00000000 00:00 0 
7fa825eff000-7fa8261fc000 rw-p 00000000 00:00 0 
7fa8261fc000-7fa826200000 ---p 00000000 00:00 0 
7fa826200000-7fa8264fd000 rw-p 00000000 00:00 0 
7fa8264fd000-7fa8266fd000 rw-p 00000000 00:00 0 
7fa8266fd000-7fa8268fd000 rw-p 00000000 00:00 0 
7fa8268fd000-7fa826901000 ---p 00000000 00:00 0 
7fa826901000-7fa8269fe000 rw-p 00000000 00:00 0 
7fa8269fe000-7fa826a02000 ---p 00000000 00:00 0 
7fa826a02000-7fa826aff000 rw-p 00000000 00:00 0 
7fa826aff000-7fa826b03000 ---p 00000000 00:00 0 
7fa826b03000-7fa826df4000 rw-p 00000000 00:00 0 
7fa826df4000-7fa826e00000 ---p 00000000 00:00 0 
7fa826e00000-7fa827000000 rw-p 00000000 00:00 0 
7fa827000000-7fa827200000 rw-p 00000000 00:00 0 
7fa827200000-7fa827400000 rw-p 00000000 00:00 0 
7fa827400000-7fa827600000 rw-p 00000000 00:00 0 
7fa827600000-7fa827800000 rw-p 00000000 00:00 0 
7fa827800000-7fa827a00000 rw-p 00000000 00:00 0 
7fa827a00000-7fa827c00000 rw-p 00000000 00:00 0 
7fa827c00000-7fa827e00000 rw-p 00000000 00:00 0 
7fa827e00000-7fa828000000 rw-p 00000000 00:00 0 
7fa828000000-7fa82a046000 rw-p 00000000 00:00 0 
7fa82a046000-7fa82c000000 ---p 00000000 00:00 0 
7fa82c000000-7fa82c0b0000 rw-p 00000000 00:00 0 
7fa82c0b0000-7fa830000000 ---p 00000000 00:00 0 
7fa830000000-7fa8300b3000 rw-p 00000000 00:00 0 
7fa8300b3000-7fa834000000 ---p 00000000 00:00 0 
7fa834000000-7fa834a28000 rw-p 00000000 00:00 0 
7fa834a28000-7fa838000000 ---p 00000000 00:00 0 
7fa838000000-7fa8380ab000 rw-p 00000000 00:00 0 
7fa8380ab000-7fa83c000000 ---p 00000000 00:00 0 
7fa83c000000-7fa83c097000 rw-p 00000000 00:00 0 
7fa83c097000-7fa840000000 ---p 00000000 00:00 0 
7fa840000000-7fa840a20000 rw-p 00000000 00:00 0 
7fa840a20000-7fa844000000 ---p 00000000 00:00 0 
7fa844000000-7fa8440d2000 rw-p 00000000 00:00 0 
7fa8440d2000-7fa848000000 ---p 00000000 00:00 0 
7fa848000000-7fa8480b1000 rw-p 00000000 00:00 0 
7fa8480b1000-7fa84c000000 ---p 00000000 00:00 0 
7fa84c000000-7fa84c073000 rw-p 00000000 00:00 0 
7fa84c073000-7fa850000000 ---p 00000000 00:00 0 
7fa850000000-7fa85009a000 rw-p 00000000 00:00 0 
7fa85009a000-7fa854000000 ---p 00000000 00:00 0 
7fa854000000-7fa854070000 rw-p 00000000 00:00 0 
7fa854070000-7fa858000000 ---p 00000000 00:00 0 
7fa858000000-7fa858073000 rw-p 00000000 00:00 0 
7fa858073000-7fa85c000000 ---p 00000000 00:00 0 
7fa85c000000-7fa85cd76000 rw-p 00000000 00:00 0 
7fa85cd76000-7fa860000000 ---p 00000000 00:00 0 
7fa860000000-7fa86008b000 rw-p 00000000 00:00 0 
7fa86008b000-7fa864000000 ---p 00000000 00:00 0 
7fa864051000-7fa864079000 rw-p 00000000 00:00 0 
7fa864079000-7fa86407d000 ---p 00000000 00:00 0 
7fa86407d000-7fa86417a000 rw-p 00000000 00:00 0 
7fa86417a000-7fa86417b000 ---p 00000000 00:00 0 
7fa86417b000-7fa86427c000 rw-p 00000000 00:00 0 
7fa86427c000-7fa86427d000 ---p 00000000 00:00 0 
7fa86427d000-7fa86457e000 rw-p 00000000 00:00 0 
7fa86457e000-7fa864582000 ---p 00000000 00:00 0 
7fa864582000-7fa86467f000 rw-p 00000000 00:00 0 
7fa86467f000-7fa864683000 ---p 00000000 00:00 0 
7fa864683000-7fa864780000 rw-p 00000000 00:00 0 
7fa864780000-7fa864782000 r--p 00000000 103:03 415419                    /usr/lib/jvm/java-11-openjdk/lib/libmanagement_ext.so
7fa864782000-7fa864785000 r-xp 00002000 103:03 415419                    /usr/lib/jvm/java-11-openjdk/lib/libmanagement_ext.so
7fa864785000-7fa864786000 r--p 00005000 103:03 415419                    /usr/lib/jvm/java-11-openjdk/lib/libmanagement_ext.so
7fa864786000-7fa864787000 ---p 00006000 103:03 415419                    /usr/lib/jvm/java-11-openjdk/lib/libmanagement_ext.so
7fa864787000-7fa864788000 r--p 00006000 103:03 415419                    /usr/lib/jvm/java-11-openjdk/lib/libmanagement_ext.so
7fa864788000-7fa864789000 rw-p 00007000 103:03 415419                    /usr/lib/jvm/java-11-openjdk/lib/libmanagement_ext.so
7fa864789000-7fa864989000 rw-p 00000000 00:00 0 
7fa864989000-7fa86498a000 ---p 00000000 00:00 0 
7fa86498a000-7fa864abc000 rw-p 00000000 00:00 0 
7fa864abc000-7fa864ac0000 r--p 00000000 103:03 415415                    /usr/lib/jvm/java-11-openjdk/lib/libnet.so
7fa864ac0000-7fa864ad0000 r-xp 00004000 103:03 415415                    /usr/lib/jvm/java-11-openjdk/lib/libnet.so
7fa864ad0000-7fa864ad4000 r--p 00014000 103:03 415415                    /usr/lib/jvm/java-11-openjdk/lib/libnet.so
7fa864ad4000-7fa864ad5000 r--p 00017000 103:03 415415                    /usr/lib/jvm/java-11-openjdk/lib/libnet.so
7fa864ad5000-7fa864ad6000 rw-p 00018000 103:03 415415                    /usr/lib/jvm/java-11-openjdk/lib/libnet.so
7fa864ad6000-7fa864add000 r--p 00000000 103:03 415428                    /usr/lib/jvm/java-11-openjdk/lib/libnio.so
7fa864add000-7fa864ae4000 r-xp 00007000 103:03 415428                    /usr/lib/jvm/java-11-openjdk/lib/libnio.so
7fa864ae4000-7fa864ae7000 r--p 0000e000 103:03 415428                    /usr/lib/jvm/java-11-openjdk/lib/libnio.so
7fa864ae7000-7fa864ae8000 r--p 00010000 103:03 415428                    /usr/lib/jvm/java-11-openjdk/lib/libnio.so
7fa864ae8000-7fa864ae9000 rw-p 00011000 103:03 415428                    /usr/lib/jvm/java-11-openjdk/lib/libnio.so
7fa864ae9000-7fa864aed000 ---p 00000000 00:00 0 
7fa864aed000-7fa864bea000 rw-p 00000000 00:00 0 
7fa864bea000-7fa864beb000 ---p 00000000 00:00 0 
7fa864beb000-7fa864cec000 rw-p 00000000 00:00 0 
7fa864cec000-7fa864cf0000 ---p 00000000 00:00 0 
7fa864cf0000-7fa864ded000 rw-p 00000000 00:00 0 
7fa864ded000-7fa864df1000 ---p 00000000 00:00 0 
7fa864df1000-7fa864eee000 rw-p 00000000 00:00 0 
7fa864eee000-7fa864ef2000 ---p 00000000 00:00 0 
7fa864ef2000-7fa864fef000 rw-p 00000000 00:00 0 
7fa864fef000-7fa864ff3000 ---p 00000000 00:00 0 
7fa864ff3000-7fa8650f0000 rw-p 00000000 00:00 0 
7fa8650f0000-7fa8653d7000 r--p 00000000 103:03 653290                    /usr/lib/locale/locale-archive
7fa8653d7000-7fa8653db000 ---p 00000000 00:00 0 
7fa8653db000-7fa8654d8000 rw-p 00000000 00:00 0 
7fa8654d8000-7fa8654dc000 ---p 00000000 00:00 0 
7fa8654dc000-7fa8655d9000 rw-p 00000000 00:00 0 
7fa8655d9000-7fa8655da000 ---p 00000000 00:00 0 
7fa8655da000-7fa865fdf000 rw-p 00000000 00:00 0 
7fa865fdf000-7fa868000000 rw-p 00000000 00:00 0 
7fa868000000-7fa868088000 rw-p 00000000 00:00 0 
7fa868088000-7fa86c000000 ---p 00000000 00:00 0 
7fa86c000000-7fa86c11e000 rw-p 00000000 00:00 0 
7fa86c11e000-7fa870000000 ---p 00000000 00:00 0 
7fa870000000-7fa870062000 rw-p 00000000 00:00 0 
7fa870062000-7fa874000000 ---p 00000000 00:00 0 
7fa874006000-7fa874027000 rw-p 00000000 00:00 0 
7fa874027000-7fa874028000 ---p 00000000 00:00 0 
7fa874028000-7fa874129000 rw-p 00000000 00:00 0 
7fa874129000-7fa87412a000 ---p 00000000 00:00 0 
7fa87412a000-7fa87462f000 rw-p 00000000 00:00 0 
7fa87462f000-7fa874630000 ---p 00000000 00:00 0 
7fa874630000-7fa874731000 rw-p 00000000 00:00 0 
7fa874731000-7fa874732000 ---p 00000000 00:00 0 
7fa874732000-7fa874853000 rw-p 00000000 00:00 0 
7fa874853000-7fa874ac3000 rwxp 00000000 00:00 0 
7fa874ac3000-7fa874efa000 ---p 00000000 00:00 0 
7fa874efa000-7fa87671a000 rwxp 00000000 00:00 0 
7fa87671a000-7fa883853000 ---p 00000000 00:00 0 
7fa883853000-7fa88c000000 r--s 00000000 103:03 415436                    /usr/lib/jvm/java-11-openjdk/lib/modules
7fa88c000000-7fa88c86c000 rw-p 00000000 00:00 0 
7fa88c86c000-7fa890000000 ---p 00000000 00:00 0 
7fa890003000-7fa890004000 r--p 00000000 103:03 418120                    /usr/lib/jvm/java-11-openjdk/lib/libextnet.so
7fa890004000-7fa890005000 r-xp 00001000 103:03 418120                    /usr/lib/jvm/java-11-openjdk/lib/libextnet.so
7fa890005000-7fa890006000 r--p 00002000 103:03 418120                    /usr/lib/jvm/java-11-openjdk/lib/libextnet.so
7fa890006000-7fa890007000 r--p 00002000 103:03 418120                    /usr/lib/jvm/java-11-openjdk/lib/libextnet.so
7fa890007000-7fa890008000 rw-p 00003000 103:03 418120                    /usr/lib/jvm/java-11-openjdk/lib/libextnet.so
7fa890008000-7fa8901dc000 rw-p 00000000 00:00 0 
7fa8901dc000-7fa890ef0000 ---p 00000000 00:00 0 
7fa890ef0000-7fa8910c4000 rw-p 00000000 00:00 0 
7fa8910c4000-7fa891dd8000 ---p 00000000 00:00 0 
7fa891dd8000-7fa891e13000 rw-p 00000000 00:00 0 
7fa891e13000-7fa891fb5000 ---p 00000000 00:00 0 
7fa891fb5000-7fa891ff0000 rw-p 00000000 00:00 0 
7fa891ff0000-7fa892192000 ---p 00000000 00:00 0 
7fa892192000-7fa8921cd000 rw-p 00000000 00:00 0 
7fa8921cd000-7fa89236f000 ---p 00000000 00:00 0 
7fa89236f000-7fa892773000 rw-p 00000000 00:00 0 
7fa892773000-7fa892774000 ---p 00000000 00:00 0 
7fa892774000-7fa8928a6000 rw-p 00000000 00:00 0 
7fa8928a6000-7fa892a48000 ---p 00000000 00:00 0 
7fa892a48000-7fa892a4d000 rw-p 00000000 00:00 0 
7fa892a4d000-7fa892a56000 ---p 00000000 00:00 0 
7fa892a56000-7fa892a59000 r--p 00000000 103:03 541236                    /usr/lib/libnss_files-2.33.so
7fa892a59000-7fa892a60000 r-xp 00003000 103:03 541236                    /usr/lib/libnss_files-2.33.so
7fa892a60000-7fa892a62000 r--p 0000a000 103:03 541236                    /usr/lib/libnss_files-2.33.so
7fa892a62000-7fa892a63000 r--p 0000b000 103:03 541236                    /usr/lib/libnss_files-2.33.so
7fa892a63000-7fa892a64000 rw-p 0000c000 103:03 541236                    /usr/lib/libnss_files-2.33.so
7fa892a64000-7fa892a6a000 rw-p 00000000 00:00 0 
7fa892a6b000-7fa892a6e000 r--p 00000000 103:03 415423                    /usr/lib/jvm/java-11-openjdk/lib/libmanagement.so
7fa892a6e000-7fa892a6f000 r-xp 00003000 103:03 415423                    /usr/lib/jvm/java-11-openjdk/lib/libmanagement.so
7fa892a6f000-7fa892a70000 r--p 00004000 103:03 415423                    /usr/lib/jvm/java-11-openjdk/lib/libmanagement.so
7fa892a70000-7fa892a71000 r--p 00004000 103:03 415423                    /usr/lib/jvm/java-11-openjdk/lib/libmanagement.so
7fa892a71000-7fa892a72000 rw-p 00005000 103:03 415423                    /usr/lib/jvm/java-11-openjdk/lib/libmanagement.so
7fa892a72000-7fa892a74000 r--p 00000000 103:03 415437                    /usr/lib/jvm/java-11-openjdk/lib/libzip.so
7fa892a74000-7fa892a78000 r-xp 00002000 103:03 415437                    /usr/lib/jvm/java-11-openjdk/lib/libzip.so
7fa892a78000-7fa892a7a000 r--p 00006000 103:03 415437                    /usr/lib/jvm/java-11-openjdk/lib/libzip.so
7fa892a7a000-7fa892a7b000 r--p 00007000 103:03 415437                    /usr/lib/jvm/java-11-openjdk/lib/libzip.so
7fa892a7b000-7fa892a7c000 rw-p 00008000 103:03 415437                    /usr/lib/jvm/java-11-openjdk/lib/libzip.so
7fa892a7c000-7fa892a84000 rw-s 00000000 00:2e 1204                       /tmp/hsperfdata_artix/3306
7fa892a84000-7fa892a85000 ---p 00000000 00:00 0 
7fa892a85000-7fa892a86000 r--p 00000000 00:00 0 
7fa892a86000-7fa892a94000 r--p 00000000 103:03 418135                    /usr/lib/jvm/java-11-openjdk/lib/libjava.so
7fa892a94000-7fa892aa9000 r-xp 0000e000 103:03 418135                    /usr/lib/jvm/java-11-openjdk/lib/libjava.so
7fa892aa9000-7fa892aaf000 r--p 00023000 103:03 418135                    /usr/lib/jvm/java-11-openjdk/lib/libjava.so
7fa892aaf000-7fa892ab0000 ---p 00029000 103:03 418135                    /usr/lib/jvm/java-11-openjdk/lib/libjava.so
7fa892ab0000-7fa892ab1000 r--p 00029000 103:03 418135                    /usr/lib/jvm/java-11-openjdk/lib/libjava.so
7fa892ab1000-7fa892ab2000 rw-p 0002a000 103:03 418135                    /usr/lib/jvm/java-11-openjdk/lib/libjava.so
7fa892ab2000-7fa892ab3000 rw-p 00000000 00:00 0 
7fa892ab3000-7fa892ab6000 r--p 00000000 103:03 541251                    /usr/lib/librt-2.33.so
7fa892ab6000-7fa892aba000 r-xp 00003000 103:03 541251                    /usr/lib/librt-2.33.so
7fa892aba000-7fa892abc000 r--p 00007000 103:03 541251                    /usr/lib/librt-2.33.so
7fa892abc000-7fa892abd000 r--p 00008000 103:03 541251                    /usr/lib/librt-2.33.so
7fa892abd000-7fa892abe000 rw-p 00009000 103:03 541251                    /usr/lib/librt-2.33.so
7fa892abe000-7fa892ac2000 ---p 00000000 00:00 0 
7fa892ac2000-7fa892bbf000 rw-p 00000000 00:00 0 
7fa892bbf000-7fa892bc2000 r--p 00000000 103:03 680088                    /usr/lib/libgcc_s.so.1
7fa892bc2000-7fa892bd4000 r-xp 00003000 103:03 680088                    /usr/lib/libgcc_s.so.1
7fa892bd4000-7fa892bd7000 r--p 00015000 103:03 680088                    /usr/lib/libgcc_s.so.1
7fa892bd7000-7fa892bd8000 ---p 00018000 103:03 680088                    /usr/lib/libgcc_s.so.1
7fa892bd8000-7fa892bd9000 r--p 00018000 103:03 680088                    /usr/lib/libgcc_s.so.1
7fa892bd9000-7fa892bda000 rw-p 00019000 103:03 680088                    /usr/lib/libgcc_s.so.1
7fa892bda000-7fa892be9000 r--p 00000000 103:03 541215                    /usr/lib/libm-2.33.so
7fa892be9000-7fa892c84000 r-xp 0000f000 103:03 541215                    /usr/lib/libm-2.33.so
7fa892c84000-7fa892d1c000 r--p 000aa000 103:03 541215                    /usr/lib/libm-2.33.so
7fa892d1c000-7fa892d1d000 ---p 00142000 103:03 541215                    /usr/lib/libm-2.33.so
7fa892d1d000-7fa892d1e000 r--p 00142000 103:03 541215                    /usr/lib/libm-2.33.so
7fa892d1e000-7fa892d1f000 rw-p 00143000 103:03 541215                    /usr/lib/libm-2.33.so
7fa892d1f000-7fa892db8000 r--p 00000000 103:03 677876                    /usr/lib/libstdc++.so.6.0.29
7fa892db8000-7fa892eb8000 r-xp 00099000 103:03 677876                    /usr/lib/libstdc++.so.6.0.29
7fa892eb8000-7fa892f24000 r--p 00199000 103:03 677876                    /usr/lib/libstdc++.so.6.0.29
7fa892f24000-7fa892f31000 r--p 00204000 103:03 677876                    /usr/lib/libstdc++.so.6.0.29
7fa892f31000-7fa892f32000 rw-p 00211000 103:03 677876                    /usr/lib/libstdc++.so.6.0.29
7fa892f32000-7fa892f35000 rw-p 00000000 00:00 0 
7fa892f35000-7fa8931ae000 r--p 00000000 103:03 13024                     /usr/lib/jvm/java-11-openjdk/lib/server/libjvm.so
7fa8931ae000-7fa893e17000 r-xp 00279000 103:03 13024                     /usr/lib/jvm/java-11-openjdk/lib/server/libjvm.so
7fa893e17000-7fa8940e9000 r--p 00ee2000 103:03 13024                     /usr/lib/jvm/java-11-openjdk/lib/server/libjvm.so
7fa8940e9000-7fa8940ea000 ---p 011b4000 103:03 13024                     /usr/lib/jvm/java-11-openjdk/lib/server/libjvm.so
7fa8940ea000-7fa8941ab000 r--p 011b4000 103:03 13024                     /usr/lib/jvm/java-11-openjdk/lib/server/libjvm.so
7fa8941ab000-7fa8941e5000 rw-p 01275000 103:03 13024                     /usr/lib/jvm/java-11-openjdk/lib/server/libjvm.so
7fa8941e5000-7fa89423d000 rw-p 00000000 00:00 0 
7fa89423d000-7fa894244000 r--p 00000000 103:03 541243                    /usr/lib/libpthread-2.33.so
7fa894244000-7fa894253000 r-xp 00007000 103:03 541243                    /usr/lib/libpthread-2.33.so
7fa894253000-7fa894258000 r--p 00016000 103:03 541243                    /usr/lib/libpthread-2.33.so
7fa894258000-7fa894259000 r--p 0001a000 103:03 541243                    /usr/lib/libpthread-2.33.so
7fa894259000-7fa89425a000 rw-p 0001b000 103:03 541243                    /usr/lib/libpthread-2.33.so
7fa89425a000-7fa89425e000 rw-p 00000000 00:00 0 
7fa89425e000-7fa894260000 r--p 00000000 103:03 541209                    /usr/lib/libdl-2.33.so
7fa894260000-7fa894262000 r-xp 00002000 103:03 541209                    /usr/lib/libdl-2.33.so
7fa894262000-7fa894263000 r--p 00004000 103:03 541209                    /usr/lib/libdl-2.33.so
7fa894263000-7fa894264000 r--p 00004000 103:03 541209                    /usr/lib/libdl-2.33.so
7fa894264000-7fa894265000 rw-p 00005000 103:03 541209                    /usr/lib/libdl-2.33.so
7fa894265000-7fa894268000 r--p 00000000 103:03 911054                    /usr/lib/libz.so.1.2.11
7fa894268000-7fa894276000 r-xp 00003000 103:03 911054                    /usr/lib/libz.so.1.2.11
7fa894276000-7fa89427c000 r--p 00011000 103:03 911054                    /usr/lib/libz.so.1.2.11
7fa89427c000-7fa89427d000 ---p 00017000 103:03 911054                    /usr/lib/libz.so.1.2.11
7fa89427d000-7fa89427e000 r--p 00017000 103:03 911054                    /usr/lib/libz.so.1.2.11
7fa89427e000-7fa89427f000 rw-p 00018000 103:03 911054                    /usr/lib/libz.so.1.2.11
7fa89427f000-7fa8942a5000 r--p 00000000 103:03 541201                    /usr/lib/libc-2.33.so
7fa8942a5000-7fa8943f1000 r-xp 00026000 103:03 541201                    /usr/lib/libc-2.33.so
7fa8943f1000-7fa89443d000 r--p 00172000 103:03 541201                    /usr/lib/libc-2.33.so
7fa89443d000-7fa894440000 r--p 001bd000 103:03 541201                    /usr/lib/libc-2.33.so
7fa894440000-7fa894443000 rw-p 001c0000 103:03 541201                    /usr/lib/libc-2.33.so
7fa894443000-7fa89444c000 rw-p 00000000 00:00 0 
7fa89444c000-7fa89444e000 r--p 00000000 103:03 418141                    /usr/lib/jvm/java-11-openjdk/lib/libjimage.so
7fa89444e000-7fa894451000 r-xp 00002000 103:03 418141                    /usr/lib/jvm/java-11-openjdk/lib/libjimage.so
7fa894451000-7fa894452000 r--p 00005000 103:03 418141                    /usr/lib/jvm/java-11-openjdk/lib/libjimage.so
7fa894452000-7fa894453000 ---p 00006000 103:03 418141                    /usr/lib/jvm/java-11-openjdk/lib/libjimage.so
7fa894453000-7fa894454000 r--p 00006000 103:03 418141                    /usr/lib/jvm/java-11-openjdk/lib/libjimage.so
7fa894454000-7fa894455000 rw-p 00007000 103:03 418141                    /usr/lib/jvm/java-11-openjdk/lib/libjimage.so
7fa894455000-7fa89445a000 r--p 00000000 103:03 415439                    /usr/lib/jvm/java-11-openjdk/lib/libverify.so
7fa89445a000-7fa894461000 r-xp 00005000 103:03 415439                    /usr/lib/jvm/java-11-openjdk/lib/libverify.so
7fa894461000-7fa894463000 r--p 0000c000 103:03 415439                    /usr/lib/jvm/java-11-openjdk/lib/libverify.so
7fa894463000-7fa894465000 r--p 0000d000 103:03 415439                    /usr/lib/jvm/java-11-openjdk/lib/libverify.so
7fa894465000-7fa894466000 rw-p 0000f000 103:03 415439                    /usr/lib/jvm/java-11-openjdk/lib/libverify.so
7fa894466000-7fa894469000 r--p 00000000 103:03 591721                    /usr/lib/jvm/java-11-openjdk/lib/jli/libjli.so
7fa894469000-7fa894473000 r-xp 00003000 103:03 591721                    /usr/lib/jvm/java-11-openjdk/lib/jli/libjli.so
7fa894473000-7fa894476000 r--p 0000d000 103:03 591721                    /usr/lib/jvm/java-11-openjdk/lib/jli/libjli.so
7fa894476000-7fa894477000 ---p 00010000 103:03 591721                    /usr/lib/jvm/java-11-openjdk/lib/jli/libjli.so
7fa894477000-7fa894478000 r--p 00010000 103:03 591721                    /usr/lib/jvm/java-11-openjdk/lib/jli/libjli.so
7fa894478000-7fa894479000 rw-p 00011000 103:03 591721                    /usr/lib/jvm/java-11-openjdk/lib/jli/libjli.so
7fa894479000-7fa89447b000 rw-p 00000000 00:00 0 
7fa89447b000-7fa89447c000 r--p 00000000 103:03 541190                    /usr/lib/ld-2.33.so
7fa89447c000-7fa8944a0000 r-xp 00001000 103:03 541190                    /usr/lib/ld-2.33.so
7fa8944a0000-7fa8944a9000 r--p 00025000 103:03 541190                    /usr/lib/ld-2.33.so
7fa8944aa000-7fa8944ac000 r--p 0002e000 103:03 541190                    /usr/lib/ld-2.33.so
7fa8944ac000-7fa8944ae000 rw-p 00030000 103:03 541190                    /usr/lib/ld-2.33.so
7fff184b0000-7fff184d3000 rw-p 00000000 00:00 0                          [stack]
7fff185f8000-7fff185fc000 r--p 00000000 00:00 0                          [vvar]
7fff185fc000-7fff185fe000 r-xp 00000000 00:00 0                          [vdso]
ffffffffff600000-ffffffffff601000 --xp 00000000 00:00 0                  [vsyscall]


VM Arguments:
jvm_args: -Xverify:none -XX:TieredStopAtLevel=1 
java_command: com.simple.restapi.SimpleRestApiApplication
java_class_path (initial): /media/My_Drive/Kelas Terbuka/Projects/simple-rest-api/target/classes:/home/artix/.m2/repository/org/aspectj/aspectjweaver/1.9.7/aspectjweaver-1.9.7.jar:/home/artix/.m2/repository/com/zaxxer/HikariCP/4.0.3/HikariCP-4.0.3.jar:/home/artix/.m2/repository/org/springframework/spring-jdbc/5.3.9/spring-jdbc-5.3.9.jar:/home/artix/.m2/repository/jakarta/transaction/jakarta.transaction-api/1.3.3/jakarta.transaction-api-1.3.3.jar:/home/artix/.m2/repository/jakarta/persistence/jakarta.persistence-api/2.2.3/jakarta.persistence-api-2.2.3.jar:/home/artix/.m2/repository/org/hibernate/hibernate-core/5.4.32.Final/hibernate-core-5.4.32.Final.jar:/home/artix/.m2/repository/org/jboss/logging/jboss-logging/3.4.2.Final/jboss-logging-3.4.2.Final.jar:/home/artix/.m2/repository/org/javassist/javassist/3.27.0-GA/javassist-3.27.0-GA.jar:/home/artix/.m2/repository/net/bytebuddy/byte-buddy/1.10.22/byte-buddy-1.10.22.jar:/home/artix/.m2/repository/antlr/antlr/2.7.7/antlr-2.7.7.jar:/home/artix/.m2/repository/org/jboss/jandex/2.2.3.Final/jandex-2.2.3.Final.jar:/home/artix/.m2/repository/org/dom4j/dom4j/2.1.3/dom4j-2.1.3.jar:/home/artix/.m2/repository/org/hibernate/common/hibernate-commons-annotations/5.1.2.Final/hibernate-commons-annotations-5.1.2.Final.jar:/home/artix/.m2/repository/org/glassfish/jaxb/jaxb-runtime/2.3.5/jaxb-runtime-2.3.5.jar:/home/artix/.m2/repository/org/glassfish/jaxb/txw2/2.3.5/txw2-2.3.5.jar:/home/artix/.m2/repository/com/sun/istack/istack-commons-runtime/3.0.12/istack-commons-runtime-3.0.12.jar:/home/artix/.m2/repository/com/sun/activation/jakarta.activation/1.2.2/jakarta.activation-1.2.2.jar:/home/artix/.m2/repository/org/springframework/data/spring-data-jpa/2.5.4/spring-data-jpa-2.5.4.jar:/home/artix/.m2/repository/org/springframework/data/spring-data-commons/2.5.4/spring-data-commons-2.5.4.jar:/home/artix/.m2/repository/org/springframework/spring-orm/5.3.9/spring-orm-5.3.9.jar:/home/artix/.m2/repository/org/springframework/spring-context/5.3.9
Launcher Type: SUN_STANDARD

[Global flags]
     bool BytecodeVerificationLocal                = false                                     {product} {command line}
     bool BytecodeVerificationRemote               = false                                     {product} {command line}
     intx CICompilerCount                          = 3                                         {product} {ergonomic}
     uint ConcGCThreads                            = 1                                         {product} {ergonomic}
     uint G1ConcRefinementThreads                  = 4                                         {product} {ergonomic}
   size_t G1HeapRegionSize                         = 1048576                                   {product} {ergonomic}
    uintx GCDrainStackTargetSize                   = 64                                        {product} {ergonomic}
   size_t InitialHeapSize                          = 62914560                                  {product} {ergonomic}
   size_t MarkStackSize                            = 4194304                                   {product} {ergonomic}
   size_t MaxHeapSize                              = 1000341504                                {product} {ergonomic}
   size_t MaxNewSize                               = 599785472                                 {product} {ergonomic}
   size_t MinHeapDeltaBytes                        = 1048576                                   {product} {ergonomic}
    uintx NonNMethodCodeHeapSize                   = 6973028                                {pd product} {ergonomic}
    uintx NonProfiledCodeHeapSize                  = 244685212                              {pd product} {ergonomic}
    uintx ProfiledCodeHeapSize                     = 0                                      {pd product} {ergonomic}
    uintx ReservedCodeCacheSize                    = 251658240                              {pd product} {ergonomic}
     bool SegmentedCodeCache                       = true                                      {product} {ergonomic}
     intx TieredStopAtLevel                        = 1                                         {product} {command line}
     bool UseCompressedClassPointers               = true                                 {lp64_product} {ergonomic}
     bool UseCompressedOops                        = true                                 {lp64_product} {ergonomic}
     bool UseG1GC                                  = true                                      {product} {ergonomic}

Logging:
Log output configuration:
 #0: stdout all=warning uptime,level,tags
 #1: stderr all=off uptime,level,tags

Environment Variables:
PATH=/home/artix/Applications:/opt/lampp:/opt/lampp/bin:/opt/lappstack-7.4.22-0:/opt/lappstack-7.4.22-0/postgresql/bin:/home/artix/Applications:/opt/lampp:/opt/lampp/bin:/opt/lappstack-7.4.22-0:/opt/lappstack-7.4.22-0/postgresql/bin:/usr/local/bin:/usr/local/sbin:/usr/bin:/opt/android-sdk/platform-tools:/opt/android-sdk/tools:/opt/android-sdk/tools/bin:/usr/lib/jvm/default/bin:/usr/bin/site_perl:/usr/bin/vendor_perl:/usr/bin/core_perl
SHELL=/bin/zsh
DISPLAY=:0.0
LANG=en_US.UTF-8

Signal Handlers:
SIGSEGV: [libjvm.so+0xe68600], sa_mask[0]=11111111011111111101111111111110, sa_flags=SA_RESTART|SA_SIGINFO
SIGBUS: [libjvm.so+0xe68600], sa_mask[0]=11111111011111111101111111111110, sa_flags=SA_RESTART|SA_SIGINFO
SIGFPE: [libjvm.so+0xe68600], sa_mask[0]=11111111011111111101111111111110, sa_flags=SA_RESTART|SA_SIGINFO
SIGPIPE: [libjvm.so+0xc52910], sa_mask[0]=11111111011111111101111111111110, sa_flags=SA_RESTART|SA_SIGINFO
SIGXFSZ: [libjvm.so+0xc52910], sa_mask[0]=11111111011111111101111111111110, sa_flags=SA_RESTART|SA_SIGINFO
SIGILL: [libjvm.so+0xe68600], sa_mask[0]=11111111011111111101111111111110, sa_flags=SA_RESTART|SA_SIGINFO
SIGUSR2: [libjvm.so+0xc52790], sa_mask[0]=00100000000000000000000000000000, sa_flags=SA_RESTART|SA_SIGINFO
SIGHUP: [libjvm.so+0xc52da0], sa_mask[0]=11111111011111111101111111111110, sa_flags=SA_RESTART|SA_SIGINFO
SIGINT: [libjvm.so+0xc52da0], sa_mask[0]=11111111011111111101111111111110, sa_flags=SA_RESTART|SA_SIGINFO
SIGTERM: [libjvm.so+0xc52da0], sa_mask[0]=11111111011111111101111111111110, sa_flags=SA_RESTART|SA_SIGINFO
SIGQUIT: [libjvm.so+0xc52da0], sa_mask[0]=11111111011111111101111111111110, sa_flags=SA_RESTART|SA_SIGINFO


---------------  S Y S T E M  ---------------

OS:LSB_VERSION=1.4
DISTRIB_ID=Artix
DISTRIB_RELEASE=rolling
DISTRIB_DESCRIPTION="Artix Linux"
uname:Linux 5.15.10-artix1-1 #1 SMP PREEMPT Sat, 18 Dec 2021 00:44:03 +0000 x86_64
OS uptime: 0 days 2:12 hours
libc:glibc 2.33 NPTL 2.33 
rlimit (soft/hard): STACK 8192k/infinity , CORE 0k/infinity , NPROC 15167/15167 , NOFILE 4096/4096 , AS infinity/infinity , CPU infinity/infinity , DATA infinity/infinity , FSIZE infinity/infinity , MEMLOCK 64k/64k
load average:3.32 3.47 2.98

/proc/meminfo:
MemTotal:        3900572 kB
MemFree:          112760 kB
MemAvailable:     101332 kB
Buffers:               0 kB
Cached:           293396 kB
SwapCached:        40444 kB
Active:           488872 kB
Inactive:         712708 kB
Active(anon):     393868 kB
Inactive(anon):   653624 kB
Active(file):      95004 kB
Inactive(file):    59084 kB
Unevictable:       12096 kB
Mlocked:               0 kB
SwapTotal:      12582908 kB
SwapFree:        7951536 kB
Dirty:               140 kB
Writeback:             4 kB
AnonPages:        881940 kB
Mapped:           176544 kB
Shmem:            139128 kB
KReclaimable:      68860 kB
Slab:             257756 kB
SReclaimable:      68860 kB
SUnreclaim:       188896 kB
KernelStack:       16424 kB
PageTables:        54220 kB
NFS_Unstable:          0 kB
Bounce:                0 kB
WritebackTmp:          0 kB
CommitLimit:    14533192 kB
Committed_AS:   15089328 kB
VmallocTotal:   34359738367 kB
VmallocUsed:      189380 kB
VmallocChunk:          0 kB
Percpu:             1120 kB
HardwareCorrupted:     0 kB
AnonHugePages:         0 kB
ShmemHugePages:        0 kB
ShmemPmdMapped:        0 kB
FileHugePages:         0 kB
FilePmdMapped:         0 kB
CmaTotal:              0 kB
CmaFree:               0 kB
HugePages_Total:       0
HugePages_Free:        0
HugePages_Rsvd:        0
HugePages_Surp:        0
Hugepagesize:       2048 kB
Hugetlb:               0 kB
DirectMap4k:      527244 kB
DirectMap2M:     3549184 kB
DirectMap1G:           0 kB

/sys/kernel/mm/transparent_hugepage/enabled:
always [madvise] never
/sys/kernel/mm/transparent_hugepage/defrag (defrag/compaction efforts parameter):
always defer defer+madvise [madvise] never

Process Memory:
Virtual Size: 4665328K (peak: 4666228K)
Resident Set Size: 197836K (peak: 292372K) (anon: 189356K, file: 8464K, shmem: 16K)
Swapped out: 148004K
C-Heap outstanding allocations: 46881K

/proc/sys/kernel/threads-max (system-wide limit on the number of threads):
30334
/proc/sys/vm/max_map_count (maximum number of memory map areas a process may have):
65530
/proc/sys/kernel/pid_max (system-wide limit on number of process identifiers):
32768

container (cgroup) information:
container_type: cgroupv1
cpu_cpuset_cpus: 0-3
cpu_memory_nodes: 0
active_processor_count: 4
cpu_quota: -1
cpu_period: 100000
cpu_shares: -1
memory_limit_in_bytes: -1
memory_and_swap_limit_in_bytes: -1
memory_soft_limit_in_bytes: -1
memory_usage_in_bytes: 1203949568
memory_max_usage_in_bytes: 0

Steal ticks since vm start: 0
Steal ticks percentage since vm start:  0.000

CPU:total 4 (initial active 4) (2 cores per cpu, 2 threads per core) family 6 model 142 stepping 12 microcode 0xea, cmov, cx8, fxsr, mmx, sse, sse2, sse3, ssse3, sse4.1, sse4.2, popcnt, avx, avx2, aes, clmul, erms, 3dnowpref, lzcnt, ht, tsc, tscinvbit, bmi1, bmi2, adx, fma
CPU Model and flags from /proc/cpuinfo:
model name	: Intel(R) Core(TM) i3-8145U CPU @ 2.10GHz
flags		: fpu vme de pse tsc msr pae mce cx8 apic sep mtrr pge mca cmov pat pse36 clflush dts acpi mmx fxsr sse sse2 ss ht tm pbe syscall nx pdpe1gb rdtscp lm constant_tsc art arch_perfmon pebs bts rep_good nopl xtopology nonstop_tsc cpuid aperfmperf pni pclmulqdq dtes64 monitor ds_cpl vmx est tm2 ssse3 sdbg fma cx16 xtpr pdcm pcid sse4_1 sse4_2 x2apic movbe popcnt tsc_deadline_timer aes xsave avx f16c rdrand lahf_lm abm 3dnowprefetch cpuid_fault epb invpcid_single ssbd ibrs ibpb stibp ibrs_enhanced tpr_shadow vnmi flexpriority ept vpid ept_ad fsgsbase tsc_adjust bmi1 avx2 smep bmi2 erms invpcid mpx rdseed adx smap clflushopt intel_pt xsaveopt xsavec xgetbv1 xsaves dtherm ida arat pln pts hwp hwp_notify hwp_act_window hwp_epp md_clear flush_l1d arch_capabilities
Online cpus:
0-3
Offline cpus:

BIOS frequency limitation:
<Not Available>
Frequency switch latency (ns):
0
Available cpu frequencies:
<Not Available>
Current governor:
powersave
Core performance/turbo boost:
<Not Available>

Memory: 4k page, physical 3900572k(111752k free), swap 12582908k(7951568k free)

vm_info: OpenJDK 64-Bit Server VM (11.0.13+8) for linux-amd64 JRE (11.0.13+8), built on Nov 10 2021 17:02:42 by "builduser" with gcc 11.1.0

END.
